localhost | SUCCESS => {
    "hostvars['phlprlxjmp001']": {
        "ansible_check_mode": false, 
        "ansible_connection": "local", 
        "ansible_diff_mode": false, 
        "ansible_facts": {}, 
        "ansible_forks": 20, 
        "ansible_inventory_sources": [
            "/etc/ansible/hosts"
        ], 
        "ansible_playbook_python": "/usr/bin/python2.6", 
        "ansible_verbosity": 0, 
        "ansible_version": {
            "full": "2.6.13", 
            "major": 2, 
            "minor": 6, 
            "revision": 13, 
            "string": "2.6.13"
        }, 
        "control": true, 
        "group_names": [
            "ALL-PRD", 
            "PHL", 
            "PHL-PRD", 
            "RHEL6", 
            "control"
        ], 
        "groups": {
            "LINUX-SAND": [
                "phldvlxsand001", 
                "phlprlxsand001", 
                "phltstlxsand001", 
                "phlutlxsand001"
            ], 
            "RDG-NONPRD": [
                "rdgdvlxsybeng001", 
                "rdglablxoras001"
            ], 
            "RHEL6": , 
            "RHEL7": , 
            "SYBASE": , 
            "all": , 
            "control": [
                "phlprlxjmp001"
            ], 
            "ungrouped": []
        }, 
        "inventory_dir": "/etc/ansible", 
        "inventory_file": "/etc/ansible/hosts", 
        "inventory_hostname": "phlprlxjmp001", 
        "inventory_hostname_short": "phlprlxjmp001", 
        "name_server": [
            "10.0.24.217", 
            "10.0.49.217", 
            "10.5.74.217"
        ], 
        "omit": "__omit_place_holder__c94661208bedf077019ce37aa23839c8cf94f2fc", 
        "playbook_dir": "/etc/ansible", 
        "type": "jump"
    }
}
