phlprlxcmp001 | SUCCESS => {
    "ansible_facts": {
        "ansible_all_ipv4_addresses": [
            "10.45.4.76"
        ], 
        "ansible_all_ipv6_addresses": [], 
        "ansible_apparmor": {
            "status": "disabled"
        }, 
        "ansible_architecture": "x86_64", 
        "ansible_bios_date": "05/06/2015", 
        "ansible_bios_version": "I36", 
        "ansible_cmdline": {
            "KEYBOARDTYPE": "pc", 
            "KEYTABLE": "us", 
            "LANG": "en_US.UTF-8", 
            "SYSFONT": "latarcyrheb-sun16", 
            "audit": "0", 
            "boot": "UUID=081a70be-fa78-4789-9d29-1b274847d348", 
            "crashkernel": "133M@48M", 
            "fips": "0", 
            "noibpb": true, 
            "noibrs": true, 
            "nopti": true, 
            "rd_LVM_LV": "vg0101/lv_root", 
            "rd_NO_DM": true, 
            "rd_NO_LUKS": true, 
            "rd_NO_MD": true, 
            "ro": true, 
            "root": "/dev/mapper/vg0101-lv_root", 
            "vga": "791"
        }, 
        "ansible_date_time": {
            "date": "2018-06-21", 
            "day": "21", 
            "epoch": "1529595103", 
            "hour": "11", 
            "iso8601": "2018-06-21T15:31:43Z", 
            "iso8601_basic": "20180621T113143701321", 
            "iso8601_basic_short": "20180621T113143", 
            "iso8601_micro": "2018-06-21T15:31:43.701518Z", 
            "minute": "31", 
            "month": "06", 
            "second": "43", 
            "time": "11:31:43", 
            "tz": "EDT", 
            "tz_offset": "-0400", 
            "weekday": "Thursday", 
            "weekday_number": "4", 
            "weeknumber": "25", 
            "year": "2018"
        }, 
        "ansible_default_ipv4": {
            "address": "10.45.4.76", 
            "alias": "eth0", 
            "broadcast": "10.45.5.255", 
            "gateway": "10.45.4.1", 
            "interface": "eth0", 
            "macaddress": "ec:b1:d7:a5:16:20", 
            "mtu": 1500, 
            "netmask": "255.255.254.0", 
            "network": "10.45.4.0", 
            "type": "ether"
        }, 
        "ansible_default_ipv6": {}, 
        "ansible_device_links": {
            "ids": {
                "dm-0": [
                    "dm-name-vg0101-lv_root", 
                    "dm-uuid-LVM-9RarJGrstP0xriLUw1NghdtckV93A7K3Qmba1KOKLm8PyBWq4Wx360pvgXBCKkVY"
                ], 
                "dm-1": [
                    "dm-name-vg0101-lv_swap", 
                    "dm-uuid-LVM-9RarJGrstP0xriLUw1NghdtckV93A7K3pITKReNqH7846MGllhKPaqKHVfXLGGkv"
                ], 
                "dm-2": [
                    "dm-name-other_vg-other", 
                    "dm-uuid-LVM-bJx23jr6AhzPHNVOfQVNrcxtzJhDB217ah0pVTyF89XXHKDCBTKpw36gxLmU7nuv"
                ], 
                "dm-3": [
                    "dm-name-vg0101-lv_home", 
                    "dm-uuid-LVM-9RarJGrstP0xriLUw1NghdtckV93A7K3AWq7zWOp1cNWqljthDFul3e7o4YquNcA"
                ], 
                "dm-4": [
                    "dm-name-vg0101-lv_tmp", 
                    "dm-uuid-LVM-9RarJGrstP0xriLUw1NghdtckV93A7K3U9vPu5QvDNPu7Sf10yeaKO7DXWnC0gwi"
                ], 
                "dm-5": [
                    "dm-name-vg0101-lv_usr", 
                    "dm-uuid-LVM-9RarJGrstP0xriLUw1NghdtckV93A7K3jJRSqW4KG5MMkRt5z62FsLNPiPcom2ut"
                ], 
                "dm-6": [
                    "dm-name-vg0101-lv_var", 
                    "dm-uuid-LVM-9RarJGrstP0xriLUw1NghdtckV93A7K3SsCGCt81k2Lc2DrfeKWRBbkVR6X9pFNf"
                ], 
                "dm-7": [
                    "dm-name-vg0101-lv_vlog", 
                    "dm-uuid-LVM-9RarJGrstP0xriLUw1NghdtckV93A7K32XsGOcfdG83wpelWkF0yfToajkNxjR1g"
                ], 
                "dm-8": [
                    "dm-name-vg0101-lv_vla", 
                    "dm-uuid-LVM-9RarJGrstP0xriLUw1NghdtckV93A7K3PeH8OqxJkvBoPnEhFWLkB4tciTdnVA79"
                ], 
                "dm-9": [
                    "dm-name-vg0101-lv_opt", 
                    "dm-uuid-LVM-9RarJGrstP0xriLUw1NghdtckV93A7K37FuMI88V3Sh6tzfYO8oHDxQDLL1FvdFy"
                ], 
                "sda": [
                    "scsi-3600508b1001c645658a0a0c68786ed73", 
                    "wwn-0x600508b1001c645658a0a0c68786ed73"
                ], 
                "sda1": [
                    "scsi-3600508b1001c645658a0a0c68786ed73-part1", 
                    "wwn-0x600508b1001c645658a0a0c68786ed73-part1"
                ], 
                "sda2": [
                    "lvm-pv-uuid-isweEl-oa6c-gZxp-3sU9-ttAr-vZLu-mhuT0c", 
                    "scsi-3600508b1001c645658a0a0c68786ed73-part2", 
                    "wwn-0x600508b1001c645658a0a0c68786ed73-part2"
                ], 
                "sda3": [
                    "lvm-pv-uuid-T7ZqW7-0IcF-K0XE-BGmE-43s5-S3pA-8wUf1l", 
                    "scsi-3600508b1001c645658a0a0c68786ed73-part3", 
                    "wwn-0x600508b1001c645658a0a0c68786ed73-part3"
                ]
            }, 
            "labels": {}, 
            "masters": {
                "sda2": [
                    "dm-0", 
                    "dm-1", 
                    "dm-3", 
                    "dm-4", 
                    "dm-5", 
                    "dm-6", 
                    "dm-7", 
                    "dm-8", 
                    "dm-9"
                ], 
                "sda3": [
                    "dm-2"
                ]
            }, 
            "uuids": {
                "dm-0": [
                    "d0aa7105-f46a-4335-a304-41e731f5e33b"
                ], 
                "dm-1": [
                    "910b4a08-74dd-4861-a095-1da124db4341"
                ], 
                "dm-2": [
                    "76841a7b-8d54-4e9d-be35-528a98982bf9"
                ], 
                "dm-3": [
                    "68ca6466-003a-4345-bf8f-78d1246a5795"
                ], 
                "dm-4": [
                    "641bfd96-6a0d-4912-89a1-b7978abb39c1"
                ], 
                "dm-5": [
                    "81987dac-4702-4306-8ac4-4707fb0729e0"
                ], 
                "dm-6": [
                    "6507c677-195f-40e9-84a2-af541894bb7b"
                ], 
                "dm-7": [
                    "dc77a367-c63c-4eba-945a-748bf7507408"
                ], 
                "dm-8": [
                    "0db4dca9-2005-45c3-b370-f16907c8a882"
                ], 
                "dm-9": [
                    "77ee1664-e6c0-4a66-a013-01c52e865cba"
                ], 
                "sda1": [
                    "081a70be-fa78-4789-9d29-1b274847d348"
                ]
            }
        }, 
        "ansible_devices": {
            "dm-0": {
                "holders": [], 
                "host": "", 
                "links": {
                    "ids": [
                        "dm-name-vg0101-lv_root", 
                        "dm-uuid-LVM-9RarJGrstP0xriLUw1NghdtckV93A7K3Qmba1KOKLm8PyBWq4Wx360pvgXBCKkVY"
                    ], 
                    "labels": [], 
                    "masters": [], 
                    "uuids": [
                        "d0aa7105-f46a-4335-a304-41e731f5e33b"
                    ]
                }, 
                "model": null, 
                "partitions": {}, 
                "removable": "0", 
                "rotational": "1", 
                "sas_address": null, 
                "sas_device_handle": null, 
                "scheduler_mode": "", 
                "sectors": "4194304", 
                "sectorsize": "512", 
                "size": "2.00 GB", 
                "support_discard": "0", 
                "vendor": null, 
                "virtual": 1
            }, 
            "dm-1": {
                "holders": [], 
                "host": "", 
                "links": {
                    "ids": [
                        "dm-name-vg0101-lv_swap", 
                        "dm-uuid-LVM-9RarJGrstP0xriLUw1NghdtckV93A7K3pITKReNqH7846MGllhKPaqKHVfXLGGkv"
                    ], 
                    "labels": [], 
                    "masters": [], 
                    "uuids": [
                        "910b4a08-74dd-4861-a095-1da124db4341"
                    ]
                }, 
                "model": null, 
                "partitions": {}, 
                "removable": "0", 
                "rotational": "1", 
                "sas_address": null, 
                "sas_device_handle": null, 
                "scheduler_mode": "", 
                "sectors": "33554432", 
                "sectorsize": "512", 
                "size": "16.00 GB", 
                "support_discard": "0", 
                "vendor": null, 
                "virtual": 1
            }, 
            "dm-2": {
                "holders": [], 
                "host": "", 
                "links": {
                    "ids": [
                        "dm-name-other_vg-other", 
                        "dm-uuid-LVM-bJx23jr6AhzPHNVOfQVNrcxtzJhDB217ah0pVTyF89XXHKDCBTKpw36gxLmU7nuv"
                    ], 
                    "labels": [], 
                    "masters": [], 
                    "uuids": [
                        "76841a7b-8d54-4e9d-be35-528a98982bf9"
                    ]
                }, 
                "model": null, 
                "partitions": {}, 
                "removable": "0", 
                "rotational": "1", 
                "sas_address": null, 
                "sas_device_handle": null, 
                "scheduler_mode": "", 
                "sectors": "1795112960", 
                "sectorsize": "512", 
                "size": "855.98 GB", 
                "support_discard": "0", 
                "vendor": null, 
                "virtual": 1
            }, 
            "dm-3": {
                "holders": [], 
                "host": "", 
                "links": {
                    "ids": [
                        "dm-name-vg0101-lv_home", 
                        "dm-uuid-LVM-9RarJGrstP0xriLUw1NghdtckV93A7K3AWq7zWOp1cNWqljthDFul3e7o4YquNcA"
                    ], 
                    "labels": [], 
                    "masters": [], 
                    "uuids": [
                        "68ca6466-003a-4345-bf8f-78d1246a5795"
                    ]
                }, 
                "model": null, 
                "partitions": {}, 
                "removable": "0", 
                "rotational": "1", 
                "sas_address": null, 
                "sas_device_handle": null, 
                "scheduler_mode": "", 
                "sectors": "10485760", 
                "sectorsize": "512", 
                "size": "5.00 GB", 
                "support_discard": "0", 
                "vendor": null, 
                "virtual": 1
            }, 
            "dm-4": {
                "holders": [], 
                "host": "", 
                "links": {
                    "ids": [
                        "dm-name-vg0101-lv_tmp", 
                        "dm-uuid-LVM-9RarJGrstP0xriLUw1NghdtckV93A7K3U9vPu5QvDNPu7Sf10yeaKO7DXWnC0gwi"
                    ], 
                    "labels": [], 
                    "masters": [], 
                    "uuids": [
                        "641bfd96-6a0d-4912-89a1-b7978abb39c1"
                    ]
                }, 
                "model": null, 
                "partitions": {}, 
                "removable": "0", 
                "rotational": "1", 
                "sas_address": null, 
                "sas_device_handle": null, 
                "scheduler_mode": "", 
                "sectors": "8388608", 
                "sectorsize": "512", 
                "size": "4.00 GB", 
                "support_discard": "0", 
                "vendor": null, 
                "virtual": 1
            }, 
            "dm-5": {
                "holders": [], 
                "host": "", 
                "links": {
                    "ids": [
                        "dm-name-vg0101-lv_usr", 
                        "dm-uuid-LVM-9RarJGrstP0xriLUw1NghdtckV93A7K3jJRSqW4KG5MMkRt5z62FsLNPiPcom2ut"
                    ], 
                    "labels": [], 
                    "masters": [], 
                    "uuids": [
                        "81987dac-4702-4306-8ac4-4707fb0729e0"
                    ]
                }, 
                "model": null, 
                "partitions": {}, 
                "removable": "0", 
                "rotational": "1", 
                "sas_address": null, 
                "sas_device_handle": null, 
                "scheduler_mode": "", 
                "sectors": "16777216", 
                "sectorsize": "512", 
                "size": "8.00 GB", 
                "support_discard": "0", 
                "vendor": null, 
                "virtual": 1
            }, 
            "dm-6": {
                "holders": [], 
                "host": "", 
                "links": {
                    "ids": [
                        "dm-name-vg0101-lv_var", 
                        "dm-uuid-LVM-9RarJGrstP0xriLUw1NghdtckV93A7K3SsCGCt81k2Lc2DrfeKWRBbkVR6X9pFNf"
                    ], 
                    "labels": [], 
                    "masters": [], 
                    "uuids": [
                        "6507c677-195f-40e9-84a2-af541894bb7b"
                    ]
                }, 
                "model": null, 
                "partitions": {}, 
                "removable": "0", 
                "rotational": "1", 
                "sas_address": null, 
                "sas_device_handle": null, 
                "scheduler_mode": "", 
                "sectors": "8388608", 
                "sectorsize": "512", 
                "size": "4.00 GB", 
                "support_discard": "0", 
                "vendor": null, 
                "virtual": 1
            }, 
            "dm-7": {
                "holders": [], 
                "host": "", 
                "links": {
                    "ids": [
                        "dm-name-vg0101-lv_vlog", 
                        "dm-uuid-LVM-9RarJGrstP0xriLUw1NghdtckV93A7K32XsGOcfdG83wpelWkF0yfToajkNxjR1g"
                    ], 
                    "labels": [], 
                    "masters": [], 
                    "uuids": [
                        "dc77a367-c63c-4eba-945a-748bf7507408"
                    ]
                }, 
                "model": null, 
                "partitions": {}, 
                "removable": "0", 
                "rotational": "1", 
                "sas_address": null, 
                "sas_device_handle": null, 
                "scheduler_mode": "", 
                "sectors": "10485760", 
                "sectorsize": "512", 
                "size": "5.00 GB", 
                "support_discard": "0", 
                "vendor": null, 
                "virtual": 1
            }, 
            "dm-8": {
                "holders": [], 
                "host": "", 
                "links": {
                    "ids": [
                        "dm-name-vg0101-lv_vla", 
                        "dm-uuid-LVM-9RarJGrstP0xriLUw1NghdtckV93A7K3PeH8OqxJkvBoPnEhFWLkB4tciTdnVA79"
                    ], 
                    "labels": [], 
                    "masters": [], 
                    "uuids": [
                        "0db4dca9-2005-45c3-b370-f16907c8a882"
                    ]
                }, 
                "model": null, 
                "partitions": {}, 
                "removable": "0", 
                "rotational": "1", 
                "sas_address": null, 
                "sas_device_handle": null, 
                "scheduler_mode": "", 
                "sectors": "10485760", 
                "sectorsize": "512", 
                "size": "5.00 GB", 
                "support_discard": "0", 
                "vendor": null, 
                "virtual": 1
            }, 
            "dm-9": {
                "holders": [], 
                "host": "", 
                "links": {
                    "ids": [
                        "dm-name-vg0101-lv_opt", 
                        "dm-uuid-LVM-9RarJGrstP0xriLUw1NghdtckV93A7K37FuMI88V3Sh6tzfYO8oHDxQDLL1FvdFy"
                    ], 
                    "labels": [], 
                    "masters": [], 
                    "uuids": [
                        "77ee1664-e6c0-4a66-a013-01c52e865cba"
                    ]
                }, 
                "model": null, 
                "partitions": {}, 
                "removable": "0", 
                "rotational": "1", 
                "sas_address": null, 
                "sas_device_handle": null, 
                "scheduler_mode": "", 
                "sectors": "16777216", 
                "sectorsize": "512", 
                "size": "8.00 GB", 
                "support_discard": "0", 
                "vendor": null, 
                "virtual": 1
            }, 
            "loop0": {
                "holders": [], 
                "host": "", 
                "links": {
                    "ids": [], 
                    "labels": [], 
                    "masters": [], 
                    "uuids": []
                }, 
                "model": null, 
                "partitions": {}, 
                "removable": "0", 
                "rotational": "1", 
                "sas_address": null, 
                "sas_device_handle": null, 
                "scheduler_mode": "", 
                "sectors": "0", 
                "sectorsize": "512", 
                "size": "0.00 Bytes", 
                "support_discard": "0", 
                "vendor": null, 
                "virtual": 1
            }, 
            "loop1": {
                "holders": [], 
                "host": "", 
                "links": {
                    "ids": [], 
                    "labels": [], 
                    "masters": [], 
                    "uuids": []
                }, 
                "model": null, 
                "partitions": {}, 
                "removable": "0", 
                "rotational": "1", 
                "sas_address": null, 
                "sas_device_handle": null, 
                "scheduler_mode": "", 
                "sectors": "0", 
                "sectorsize": "512", 
                "size": "0.00 Bytes", 
                "support_discard": "0", 
                "vendor": null, 
                "virtual": 1
            }, 
            "loop2": {
                "holders": [], 
                "host": "", 
                "links": {
                    "ids": [], 
                    "labels": [], 
                    "masters": [], 
                    "uuids": []
                }, 
                "model": null, 
                "partitions": {}, 
                "removable": "0", 
                "rotational": "1", 
                "sas_address": null, 
                "sas_device_handle": null, 
                "scheduler_mode": "", 
                "sectors": "0", 
                "sectorsize": "512", 
                "size": "0.00 Bytes", 
                "support_discard": "0", 
                "vendor": null, 
                "virtual": 1
            }, 
            "loop3": {
                "holders": [], 
                "host": "", 
                "links": {
                    "ids": [], 
                    "labels": [], 
                    "masters": [], 
                    "uuids": []
                }, 
                "model": null, 
                "partitions": {}, 
                "removable": "0", 
                "rotational": "1", 
                "sas_address": null, 
                "sas_device_handle": null, 
                "scheduler_mode": "", 
                "sectors": "0", 
                "sectorsize": "512", 
                "size": "0.00 Bytes", 
                "support_discard": "0", 
                "vendor": null, 
                "virtual": 1
            }, 
            "loop4": {
                "holders": [], 
                "host": "", 
                "links": {
                    "ids": [], 
                    "labels": [], 
                    "masters": [], 
                    "uuids": []
                }, 
                "model": null, 
                "partitions": {}, 
                "removable": "0", 
                "rotational": "1", 
                "sas_address": null, 
                "sas_device_handle": null, 
                "scheduler_mode": "", 
                "sectors": "0", 
                "sectorsize": "512", 
                "size": "0.00 Bytes", 
                "support_discard": "0", 
                "vendor": null, 
                "virtual": 1
            }, 
            "loop5": {
                "holders": [], 
                "host": "", 
                "links": {
                    "ids": [], 
                    "labels": [], 
                    "masters": [], 
                    "uuids": []
                }, 
                "model": null, 
                "partitions": {}, 
                "removable": "0", 
                "rotational": "1", 
                "sas_address": null, 
                "sas_device_handle": null, 
                "scheduler_mode": "", 
                "sectors": "0", 
                "sectorsize": "512", 
                "size": "0.00 Bytes", 
                "support_discard": "0", 
                "vendor": null, 
                "virtual": 1
            }, 
            "loop6": {
                "holders": [], 
                "host": "", 
                "links": {
                    "ids": [], 
                    "labels": [], 
                    "masters": [], 
                    "uuids": []
                }, 
                "model": null, 
                "partitions": {}, 
                "removable": "0", 
                "rotational": "1", 
                "sas_address": null, 
                "sas_device_handle": null, 
                "scheduler_mode": "", 
                "sectors": "0", 
                "sectorsize": "512", 
                "size": "0.00 Bytes", 
                "support_discard": "0", 
                "vendor": null, 
                "virtual": 1
            }, 
            "loop7": {
                "holders": [], 
                "host": "", 
                "links": {
                    "ids": [], 
                    "labels": [], 
                    "masters": [], 
                    "uuids": []
                }, 
                "model": null, 
                "partitions": {}, 
                "removable": "0", 
                "rotational": "1", 
                "sas_address": null, 
                "sas_device_handle": null, 
                "scheduler_mode": "", 
                "sectors": "0", 
                "sectorsize": "512", 
                "size": "0.00 Bytes", 
                "support_discard": "0", 
                "vendor": null, 
                "virtual": 1
            }, 
            "ram0": {
                "holders": [], 
                "host": "", 
                "links": {
                    "ids": [], 
                    "labels": [], 
                    "masters": [], 
                    "uuids": []
                }, 
                "model": null, 
                "partitions": {}, 
                "removable": "0", 
                "rotational": "1", 
                "sas_address": null, 
                "sas_device_handle": null, 
                "scheduler_mode": "", 
                "sectors": "32768", 
                "sectorsize": "512", 
                "size": "16.00 MB", 
                "support_discard": "0", 
                "vendor": null, 
                "virtual": 1
            }, 
            "ram1": {
                "holders": [], 
                "host": "", 
                "links": {
                    "ids": [], 
                    "labels": [], 
                    "masters": [], 
                    "uuids": []
                }, 
                "model": null, 
                "partitions": {}, 
                "removable": "0", 
                "rotational": "1", 
                "sas_address": null, 
                "sas_device_handle": null, 
                "scheduler_mode": "", 
                "sectors": "32768", 
                "sectorsize": "512", 
                "size": "16.00 MB", 
                "support_discard": "0", 
                "vendor": null, 
                "virtual": 1
            }, 
            "ram10": {
                "holders": [], 
                "host": "", 
                "links": {
                    "ids": [], 
                    "labels": [], 
                    "masters": [], 
                    "uuids": []
                }, 
                "model": null, 
                "partitions": {}, 
                "removable": "0", 
                "rotational": "1", 
                "sas_address": null, 
                "sas_device_handle": null, 
                "scheduler_mode": "", 
                "sectors": "32768", 
                "sectorsize": "512", 
                "size": "16.00 MB", 
                "support_discard": "0", 
                "vendor": null, 
                "virtual": 1
            }, 
            "ram11": {
                "holders": [], 
                "host": "", 
                "links": {
                    "ids": [], 
                    "labels": [], 
                    "masters": [], 
                    "uuids": []
                }, 
                "model": null, 
                "partitions": {}, 
                "removable": "0", 
                "rotational": "1", 
                "sas_address": null, 
                "sas_device_handle": null, 
                "scheduler_mode": "", 
                "sectors": "32768", 
                "sectorsize": "512", 
                "size": "16.00 MB", 
                "support_discard": "0", 
                "vendor": null, 
                "virtual": 1
            }, 
            "ram12": {
                "holders": [], 
                "host": "", 
                "links": {
                    "ids": [], 
                    "labels": [], 
                    "masters": [], 
                    "uuids": []
                }, 
                "model": null, 
                "partitions": {}, 
                "removable": "0", 
                "rotational": "1", 
                "sas_address": null, 
                "sas_device_handle": null, 
                "scheduler_mode": "", 
                "sectors": "32768", 
                "sectorsize": "512", 
                "size": "16.00 MB", 
                "support_discard": "0", 
                "vendor": null, 
                "virtual": 1
            }, 
            "ram13": {
                "holders": [], 
                "host": "", 
                "links": {
                    "ids": [], 
                    "labels": [], 
                    "masters": [], 
                    "uuids": []
                }, 
                "model": null, 
                "partitions": {}, 
                "removable": "0", 
                "rotational": "1", 
                "sas_address": null, 
                "sas_device_handle": null, 
                "scheduler_mode": "", 
                "sectors": "32768", 
                "sectorsize": "512", 
                "size": "16.00 MB", 
                "support_discard": "0", 
                "vendor": null, 
                "virtual": 1
            }, 
            "ram14": {
                "holders": [], 
                "host": "", 
                "links": {
                    "ids": [], 
                    "labels": [], 
                    "masters": [], 
                    "uuids": []
                }, 
                "model": null, 
                "partitions": {}, 
                "removable": "0", 
                "rotational": "1", 
                "sas_address": null, 
                "sas_device_handle": null, 
                "scheduler_mode": "", 
                "sectors": "32768", 
                "sectorsize": "512", 
                "size": "16.00 MB", 
                "support_discard": "0", 
                "vendor": null, 
                "virtual": 1
            }, 
            "ram15": {
                "holders": [], 
                "host": "", 
                "links": {
                    "ids": [], 
                    "labels": [], 
                    "masters": [], 
                    "uuids": []
                }, 
                "model": null, 
                "partitions": {}, 
                "removable": "0", 
                "rotational": "1", 
                "sas_address": null, 
                "sas_device_handle": null, 
                "scheduler_mode": "", 
                "sectors": "32768", 
                "sectorsize": "512", 
                "size": "16.00 MB", 
                "support_discard": "0", 
                "vendor": null, 
                "virtual": 1
            }, 
            "ram2": {
                "holders": [], 
                "host": "", 
                "links": {
                    "ids": [], 
                    "labels": [], 
                    "masters": [], 
                    "uuids": []
                }, 
                "model": null, 
                "partitions": {}, 
                "removable": "0", 
                "rotational": "1", 
                "sas_address": null, 
                "sas_device_handle": null, 
                "scheduler_mode": "", 
                "sectors": "32768", 
                "sectorsize": "512", 
                "size": "16.00 MB", 
                "support_discard": "0", 
                "vendor": null, 
                "virtual": 1
            }, 
            "ram3": {
                "holders": [], 
                "host": "", 
                "links": {
                    "ids": [], 
                    "labels": [], 
                    "masters": [], 
                    "uuids": []
                }, 
                "model": null, 
                "partitions": {}, 
                "removable": "0", 
                "rotational": "1", 
                "sas_address": null, 
                "sas_device_handle": null, 
                "scheduler_mode": "", 
                "sectors": "32768", 
                "sectorsize": "512", 
                "size": "16.00 MB", 
                "support_discard": "0", 
                "vendor": null, 
                "virtual": 1
            }, 
            "ram4": {
                "holders": [], 
                "host": "", 
                "links": {
                    "ids": [], 
                    "labels": [], 
                    "masters": [], 
                    "uuids": []
                }, 
                "model": null, 
                "partitions": {}, 
                "removable": "0", 
                "rotational": "1", 
                "sas_address": null, 
                "sas_device_handle": null, 
                "scheduler_mode": "", 
                "sectors": "32768", 
                "sectorsize": "512", 
                "size": "16.00 MB", 
                "support_discard": "0", 
                "vendor": null, 
                "virtual": 1
            }, 
            "ram5": {
                "holders": [], 
                "host": "", 
                "links": {
                    "ids": [], 
                    "labels": [], 
                    "masters": [], 
                    "uuids": []
                }, 
                "model": null, 
                "partitions": {}, 
                "removable": "0", 
                "rotational": "1", 
                "sas_address": null, 
                "sas_device_handle": null, 
                "scheduler_mode": "", 
                "sectors": "32768", 
                "sectorsize": "512", 
                "size": "16.00 MB", 
                "support_discard": "0", 
                "vendor": null, 
                "virtual": 1
            }, 
            "ram6": {
                "holders": [], 
                "host": "", 
                "links": {
                    "ids": [], 
                    "labels": [], 
                    "masters": [], 
                    "uuids": []
                }, 
                "model": null, 
                "partitions": {}, 
                "removable": "0", 
                "rotational": "1", 
                "sas_address": null, 
                "sas_device_handle": null, 
                "scheduler_mode": "", 
                "sectors": "32768", 
                "sectorsize": "512", 
                "size": "16.00 MB", 
                "support_discard": "0", 
                "vendor": null, 
                "virtual": 1
            }, 
            "ram7": {
                "holders": [], 
                "host": "", 
                "links": {
                    "ids": [], 
                    "labels": [], 
                    "masters": [], 
                    "uuids": []
                }, 
                "model": null, 
                "partitions": {}, 
                "removable": "0", 
                "rotational": "1", 
                "sas_address": null, 
                "sas_device_handle": null, 
                "scheduler_mode": "", 
                "sectors": "32768", 
                "sectorsize": "512", 
                "size": "16.00 MB", 
                "support_discard": "0", 
                "vendor": null, 
                "virtual": 1
            }, 
            "ram8": {
                "holders": [], 
                "host": "", 
                "links": {
                    "ids": [], 
                    "labels": [], 
                    "masters": [], 
                    "uuids": []
                }, 
                "model": null, 
                "partitions": {}, 
                "removable": "0", 
                "rotational": "1", 
                "sas_address": null, 
                "sas_device_handle": null, 
                "scheduler_mode": "", 
                "sectors": "32768", 
                "sectorsize": "512", 
                "size": "16.00 MB", 
                "support_discard": "0", 
                "vendor": null, 
                "virtual": 1
            }, 
            "ram9": {
                "holders": [], 
                "host": "", 
                "links": {
                    "ids": [], 
                    "labels": [], 
                    "masters": [], 
                    "uuids": []
                }, 
                "model": null, 
                "partitions": {}, 
                "removable": "0", 
                "rotational": "1", 
                "sas_address": null, 
                "sas_device_handle": null, 
                "scheduler_mode": "", 
                "sectors": "32768", 
                "sectorsize": "512", 
                "size": "16.00 MB", 
                "support_discard": "0", 
                "vendor": null, 
                "virtual": 1
            }, 
            "sda": {
                "holders": [], 
                "host": "RAID bus controller: Hewlett-Packard Company Smart Array Gen9 Controllers (rev 01)", 
                "links": {
                    "ids": [
                        "scsi-3600508b1001c645658a0a0c68786ed73", 
                        "wwn-0x600508b1001c645658a0a0c68786ed73"
                    ], 
                    "labels": [], 
                    "masters": [], 
                    "uuids": []
                }, 
                "model": "LOGICAL VOLUME", 
                "partitions": {
                    "sda1": {
                        "holders": [], 
                        "links": {
                            "ids": [
                                "scsi-3600508b1001c645658a0a0c68786ed73-part1", 
                                "wwn-0x600508b1001c645658a0a0c68786ed73-part1"
                            ], 
                            "labels": [], 
                            "masters": [], 
                            "uuids": [
                                "081a70be-fa78-4789-9d29-1b274847d348"
                            ]
                        }, 
                        "sectors": "1048576", 
                        "sectorsize": 512, 
                        "size": "512.00 MB", 
                        "start": "2048", 
                        "uuid": "081a70be-fa78-4789-9d29-1b274847d348"
                    }, 
                    "sda2": {
                        "holders": [
                            "vg0101-lv_root", 
                            "vg0101-lv_swap", 
                            "vg0101-lv_home", 
                            "vg0101-lv_tmp", 
                            "vg0101-lv_usr", 
                            "vg0101-lv_var", 
                            "vg0101-lv_vlog", 
                            "vg0101-lv_vla", 
                            "vg0101-lv_opt"
                        ], 
                        "links": {
                            "ids": [
                                "lvm-pv-uuid-isweEl-oa6c-gZxp-3sU9-ttAr-vZLu-mhuT0c", 
                                "scsi-3600508b1001c645658a0a0c68786ed73-part2", 
                                "wwn-0x600508b1001c645658a0a0c68786ed73-part2"
                            ], 
                            "labels": [], 
                            "masters": [
                                "dm-0", 
                                "dm-1", 
                                "dm-3", 
                                "dm-4", 
                                "dm-5", 
                                "dm-6", 
                                "dm-7", 
                                "dm-8", 
                                "dm-9"
                            ], 
                            "uuids": []
                        }, 
                        "sectors": "157286400", 
                        "sectorsize": 512, 
                        "size": "75.00 GB", 
                        "start": "1050624", 
                        "uuid": null
                    }, 
                    "sda3": {
                        "holders": [
                            "other_vg-other"
                        ], 
                        "links": {
                            "ids": [
                                "lvm-pv-uuid-T7ZqW7-0IcF-K0XE-BGmE-43s5-S3pA-8wUf1l", 
                                "scsi-3600508b1001c645658a0a0c68786ed73-part3", 
                                "wwn-0x600508b1001c645658a0a0c68786ed73-part3"
                            ], 
                            "labels": [], 
                            "masters": [
                                "dm-2"
                            ], 
                            "uuids": []
                        }, 
                        "sectors": "1795121152", 
                        "sectorsize": 512, 
                        "size": "855.98 GB", 
                        "start": "158337024", 
                        "uuid": null
                    }
                }, 
                "removable": "0", 
                "rotational": "1", 
                "sas_address": null, 
                "sas_device_handle": null, 
                "scheduler_mode": "cfq", 
                "sectors": "1953459632", 
                "sectorsize": "512", 
                "size": "931.48 GB", 
                "support_discard": "0", 
                "vendor": "HP", 
                "virtual": 1, 
                "wwn": "0x600508b1001c645658a0a0c68786ed73"
            }
        }, 
        "ansible_distribution": "RedHat", 
        "ansible_distribution_file_parsed": true, 
        "ansible_distribution_file_path": "/etc/redhat-release", 
        "ansible_distribution_file_search_string": "Red Hat", 
        "ansible_distribution_file_variety": "RedHat", 
        "ansible_distribution_major_version": "6", 
        "ansible_distribution_release": "Santiago", 
        "ansible_distribution_version": "6.9", 
        "ansible_dns": {
            "domain": "kmhp.com", 
            "nameservers": [
                "10.0.49.217", 
                "10.0.24.217"
            ], 
            "options": {
                "attempts": "1"
            }
        }, 
        "ansible_domain": "kmhp.com", 
        "ansible_effective_group_id": 500, 
        "ansible_effective_user_id": 1001, 
        "ansible_env": {
            "COBBLER_SERVER": "lx465c02.kmhp.com", 
            "CVS_RSH": "ssh", 
            "DA_AUDIT": "1", 
            "DA_DASH_DEPTH": "1", 
            "DA_SESSION_ID": "6f464da8-de12-f246-9067-38087461c69e", 
            "G_BROKEN_FILENAMES": "1", 
            "HISTTIMEFORMAT": "%h/%d - %H:%M:%S ", 
            "HOME": "/home/amhseed", 
            "LANG": "en_US.UTF-8", 
            "LESSOPEN": "||/usr/bin/lesspipe.sh %s", 
            "LOGNAME": "amhseed", 
            "LS_COLORS": "rs=0:di=01;34:ln=01;36:mh=00:pi=40;33:so=01;35:do=01;35:bd=40;33;01:cd=40;33;01:or=40;31;01:mi=01;05;37;41:su=37;41:sg=30;43:ca=30;41:tw=30;42:ow=34;42:st=37;44:ex=01;32:*.tar=01;31:*.tgz=01;31:*.arj=01;31:*.taz=01;31:*.lzh=01;31:*.lzma=01;31:*.tlz=01;31:*.txz=01;31:*.zip=01;31:*.z=01;31:*.Z=01;31:*.dz=01;31:*.gz=01;31:*.lz=01;31:*.xz=01;31:*.bz2=01;31:*.tbz=01;31:*.tbz2=01;31:*.bz=01;31:*.tz=01;31:*.deb=01;31:*.rpm=01;31:*.jar=01;31:*.rar=01;31:*.ace=01;31:*.zoo=01;31:*.cpio=01;31:*.7z=01;31:*.rz=01;31:*.jpg=01;35:*.jpeg=01;35:*.gif=01;35:*.bmp=01;35:*.pbm=01;35:*.pgm=01;35:*.ppm=01;35:*.tga=01;35:*.xbm=01;35:*.xpm=01;35:*.tif=01;35:*.tiff=01;35:*.png=01;35:*.svg=01;35:*.svgz=01;35:*.mng=01;35:*.pcx=01;35:*.mov=01;35:*.mpg=01;35:*.mpeg=01;35:*.m2v=01;35:*.mkv=01;35:*.ogm=01;35:*.mp4=01;35:*.m4v=01;35:*.mp4v=01;35:*.vob=01;35:*.qt=01;35:*.nuv=01;35:*.wmv=01;35:*.asf=01;35:*.rm=01;35:*.rmvb=01;35:*.flc=01;35:*.avi=01;35:*.fli=01;35:*.flv=01;35:*.gl=01;35:*.dl=01;35:*.xcf=01;35:*.xwd=01;35:*.yuv=01;35:*.cgm=01;35:*.emf=01;35:*.axv=01;35:*.anx=01;35:*.ogv=01;35:*.ogx=01;35:*.aac=01;36:*.au=01;36:*.flac=01;36:*.mid=01;36:*.midi=01;36:*.mka=01;36:*.mp3=01;36:*.mpc=01;36:*.ogg=01;36:*.ra=01;36:*.wav=01;36:*.axa=01;36:*.oga=01;36:*.spx=01;36:*.xspf=01;36:", 
            "MAIL": "/var/mail/amhseed", 
            "PATH": "/usr/lib64/qt-3.3/bin:/usr/share/centrifydc/bin:/usr/local/bin:/bin:/usr/bin", 
            "PWD": "/home/amhseed", 
            "QTDIR": "/usr/lib64/qt-3.3", 
            "QTINC": "/usr/lib64/qt-3.3/include", 
            "QTLIB": "/usr/lib64/qt-3.3/lib", 
            "SELINUX_LEVEL_REQUESTED": "", 
            "SELINUX_ROLE_REQUESTED": "", 
            "SELINUX_USE_CURRENT_RANGE": "", 
            "SHELL": "/bin/bash", 
            "SHLVL": "2", 
            "SSH_CLIENT": "10.45.4.25 37160 22", 
            "SSH_CONNECTION": "10.45.4.25 37160 10.45.4.76 22", 
            "SSH_TTY": "/dev/pts/0", 
            "TERM": "screen", 
            "USER": "amhseed", 
            "_": "/usr/bin/python"
        }, 
        "ansible_eth0": {
            "active": true, 
            "device": "eth0", 
            "features": {
                "fcoe_mtu": "off [fixed]", 
                "generic_receive_offload": "on", 
                "generic_segmentation_offload": "on", 
                "highdma": "on [fixed]", 
                "large_receive_offload": "on", 
                "loopback": "off", 
                "netns_local": "off [fixed]", 
                "ntuple_filters": "off [fixed]", 
                "receive_hashing": "on", 
                "rx_checksumming": "on", 
                "rx_vlan_filter": "on", 
                "rx_vlan_offload": "on [fixed]", 
                "scatter_gather": "on", 
                "tcp_segmentation_offload": "on", 
                "tx_checksum_fcoe_crc": "off [fixed]", 
                "tx_checksum_ip_generic": "off [fixed]", 
                "tx_checksum_ipv4": "on", 
                "tx_checksum_ipv6": "on", 
                "tx_checksum_sctp": "off [fixed]", 
                "tx_checksum_unneeded": "off [fixed]", 
                "tx_checksumming": "on", 
                "tx_fcoe_segmentation": "off [fixed]", 
                "tx_gre_segmentation": "off [fixed]", 
                "tx_gso_robust": "off [fixed]", 
                "tx_lockless": "off [fixed]", 
                "tx_scatter_gather": "on", 
                "tx_scatter_gather_fraglist": "off [fixed]", 
                "tx_tcp6_segmentation": "on", 
                "tx_tcp_ecn_segmentation": "on", 
                "tx_tcp_segmentation": "on", 
                "tx_udp_tnl_segmentation": "off [fixed]", 
                "tx_vlan_offload": "on", 
                "udp_fragmentation_offload": "off [fixed]", 
                "vlan_challenged": "off [fixed]"
            }, 
            "hw_timestamp_filters": [
                "none", 
                "ptp_v1_l4_event", 
                "ptp_v2_l4_event", 
                "ptp_v2_event"
            ], 
            "ipv4": {
                "address": "10.45.4.76", 
                "broadcast": "10.45.5.255", 
                "netmask": "255.255.254.0", 
                "network": "10.45.4.0"
            }, 
            "macaddress": "ec:b1:d7:a5:16:20", 
            "module": "bnx2x", 
            "mtu": 1500, 
            "pciid": "0000:06:00.0", 
            "phc_index": 0, 
            "promisc": false, 
            "speed": 10000, 
            "timestamping": [
                "tx_hardware", 
                "tx_software", 
                "rx_hardware", 
                "rx_software", 
                "software", 
                "raw_hardware"
            ], 
            "type": "ether"
        }, 
        "ansible_eth1": {
            "active": false, 
            "device": "eth1", 
            "features": {
                "fcoe_mtu": "off [fixed]", 
                "generic_receive_offload": "on", 
                "generic_segmentation_offload": "on", 
                "highdma": "on [fixed]", 
                "large_receive_offload": "on", 
                "loopback": "off", 
                "netns_local": "off [fixed]", 
                "ntuple_filters": "off [fixed]", 
                "receive_hashing": "on", 
                "rx_checksumming": "on", 
                "rx_vlan_filter": "on", 
                "rx_vlan_offload": "on [fixed]", 
                "scatter_gather": "on", 
                "tcp_segmentation_offload": "on", 
                "tx_checksum_fcoe_crc": "off [fixed]", 
                "tx_checksum_ip_generic": "off [fixed]", 
                "tx_checksum_ipv4": "on", 
                "tx_checksum_ipv6": "on", 
                "tx_checksum_sctp": "off [fixed]", 
                "tx_checksum_unneeded": "off [fixed]", 
                "tx_checksumming": "on", 
                "tx_fcoe_segmentation": "off [fixed]", 
                "tx_gre_segmentation": "off [fixed]", 
                "tx_gso_robust": "off [fixed]", 
                "tx_lockless": "off [fixed]", 
                "tx_scatter_gather": "on", 
                "tx_scatter_gather_fraglist": "off [fixed]", 
                "tx_tcp6_segmentation": "on", 
                "tx_tcp_ecn_segmentation": "on", 
                "tx_tcp_segmentation": "on", 
                "tx_udp_tnl_segmentation": "off [fixed]", 
                "tx_vlan_offload": "on", 
                "udp_fragmentation_offload": "off [fixed]", 
                "vlan_challenged": "off [fixed]"
            }, 
            "hw_timestamp_filters": [
                "none", 
                "ptp_v1_l4_event", 
                "ptp_v2_l4_event", 
                "ptp_v2_event"
            ], 
            "macaddress": "ec:b1:d7:a5:16:28", 
            "module": "bnx2x", 
            "mtu": 1500, 
            "pciid": "0000:06:00.1", 
            "phc_index": 1, 
            "promisc": false, 
            "timestamping": [
                "tx_hardware", 
                "tx_software", 
                "rx_hardware", 
                "rx_software", 
                "software", 
                "raw_hardware"
            ], 
            "type": "ether"
        }, 
        "ansible_eth2": {
            "active": false, 
            "device": "eth2", 
            "features": {
                "fcoe_mtu": "off [fixed]", 
                "generic_receive_offload": "on", 
                "generic_segmentation_offload": "on", 
                "highdma": "on [fixed]", 
                "large_receive_offload": "off [fixed]", 
                "loopback": "off", 
                "netns_local": "off [fixed]", 
                "ntuple_filters": "off [fixed]", 
                "receive_hashing": "on", 
                "rx_checksumming": "on", 
                "rx_vlan_filter": "on", 
                "rx_vlan_offload": "on [fixed]", 
                "scatter_gather": "on", 
                "tcp_segmentation_offload": "on", 
                "tx_checksum_fcoe_crc": "off [fixed]", 
                "tx_checksum_ip_generic": "off [fixed]", 
                "tx_checksum_ipv4": "on", 
                "tx_checksum_ipv6": "on", 
                "tx_checksum_sctp": "off [fixed]", 
                "tx_checksum_unneeded": "off [fixed]", 
                "tx_checksumming": "on", 
                "tx_fcoe_segmentation": "off [fixed]", 
                "tx_gre_segmentation": "off [fixed]", 
                "tx_gso_robust": "off [fixed]", 
                "tx_lockless": "off [fixed]", 
                "tx_scatter_gather": "on", 
                "tx_scatter_gather_fraglist": "off [fixed]", 
                "tx_tcp6_segmentation": "on", 
                "tx_tcp_ecn_segmentation": "on", 
                "tx_tcp_segmentation": "on", 
                "tx_udp_tnl_segmentation": "off [fixed]", 
                "tx_vlan_offload": "on", 
                "udp_fragmentation_offload": "off [fixed]", 
                "vlan_challenged": "off [fixed]"
            }, 
            "hw_timestamp_filters": [
                "none", 
                "ptp_v1_l4_event", 
                "ptp_v2_l4_event", 
                "ptp_v2_event"
            ], 
            "macaddress": "ec:b1:d7:a5:16:21", 
            "module": "bnx2x", 
            "mtu": 1500, 
            "pciid": "0000:06:00.2", 
            "phc_index": 2, 
            "promisc": false, 
            "timestamping": [
                "tx_hardware", 
                "tx_software", 
                "rx_hardware", 
                "rx_software", 
                "software", 
                "raw_hardware"
            ], 
            "type": "ether"
        }, 
        "ansible_eth3": {
            "active": false, 
            "device": "eth3", 
            "features": {
                "fcoe_mtu": "off [fixed]", 
                "generic_receive_offload": "on", 
                "generic_segmentation_offload": "on", 
                "highdma": "on [fixed]", 
                "large_receive_offload": "off [fixed]", 
                "loopback": "off", 
                "netns_local": "off [fixed]", 
                "ntuple_filters": "off [fixed]", 
                "receive_hashing": "on", 
                "rx_checksumming": "on", 
                "rx_vlan_filter": "on", 
                "rx_vlan_offload": "on [fixed]", 
                "scatter_gather": "on", 
                "tcp_segmentation_offload": "on", 
                "tx_checksum_fcoe_crc": "off [fixed]", 
                "tx_checksum_ip_generic": "off [fixed]", 
                "tx_checksum_ipv4": "on", 
                "tx_checksum_ipv6": "on", 
                "tx_checksum_sctp": "off [fixed]", 
                "tx_checksum_unneeded": "off [fixed]", 
                "tx_checksumming": "on", 
                "tx_fcoe_segmentation": "off [fixed]", 
                "tx_gre_segmentation": "off [fixed]", 
                "tx_gso_robust": "off [fixed]", 
                "tx_lockless": "off [fixed]", 
                "tx_scatter_gather": "on", 
                "tx_scatter_gather_fraglist": "off [fixed]", 
                "tx_tcp6_segmentation": "on", 
                "tx_tcp_ecn_segmentation": "on", 
                "tx_tcp_segmentation": "on", 
                "tx_udp_tnl_segmentation": "off [fixed]", 
                "tx_vlan_offload": "on", 
                "udp_fragmentation_offload": "off [fixed]", 
                "vlan_challenged": "off [fixed]"
            }, 
            "hw_timestamp_filters": [
                "none", 
                "ptp_v1_l4_event", 
                "ptp_v2_l4_event", 
                "ptp_v2_event"
            ], 
            "macaddress": "ec:b1:d7:a5:16:29", 
            "module": "bnx2x", 
            "mtu": 1500, 
            "pciid": "0000:06:00.3", 
            "phc_index": 3, 
            "promisc": false, 
            "timestamping": [
                "tx_hardware", 
                "tx_software", 
                "rx_hardware", 
                "rx_software", 
                "software", 
                "raw_hardware"
            ], 
            "type": "ether"
        }, 
        "ansible_fips": false, 
        "ansible_form_factor": "Blade", 
        "ansible_fqdn": "phlprlxcmp001.kmhp.com", 
        "ansible_hostname": "phlprlxcmp001", 
        "ansible_interfaces": [
            "lo", 
            "eth3", 
            "eth2", 
            "eth1", 
            "eth0"
        ], 
        "ansible_is_chroot": false, 
        "ansible_kernel": "2.6.32-696.23.1.el6.x86_64", 
        "ansible_lo": {
            "active": true, 
            "device": "lo", 
            "features": {
                "fcoe_mtu": "off [fixed]", 
                "generic_receive_offload": "on", 
                "generic_segmentation_offload": "on", 
                "highdma": "on [fixed]", 
                "large_receive_offload": "off [fixed]", 
                "loopback": "on [fixed]", 
                "netns_local": "on [fixed]", 
                "ntuple_filters": "off [fixed]", 
                "receive_hashing": "off [fixed]", 
                "rx_checksumming": "on [fixed]", 
                "rx_vlan_filter": "off [fixed]", 
                "rx_vlan_offload": "off [fixed]", 
                "scatter_gather": "on", 
                "tcp_segmentation_offload": "on", 
                "tx_checksum_fcoe_crc": "off [fixed]", 
                "tx_checksum_ip_generic": "on [fixed]", 
                "tx_checksum_ipv4": "off [fixed]", 
                "tx_checksum_ipv6": "off [fixed]", 
                "tx_checksum_sctp": "off [fixed]", 
                "tx_checksum_unneeded": "off [fixed]", 
                "tx_checksumming": "on", 
                "tx_fcoe_segmentation": "off [fixed]", 
                "tx_gre_segmentation": "off [fixed]", 
                "tx_gso_robust": "off [fixed]", 
                "tx_lockless": "on [fixed]", 
                "tx_scatter_gather": "on [fixed]", 
                "tx_scatter_gather_fraglist": "on [fixed]", 
                "tx_tcp6_segmentation": "on", 
                "tx_tcp_ecn_segmentation": "on", 
                "tx_tcp_segmentation": "on", 
                "tx_udp_tnl_segmentation": "off [fixed]", 
                "tx_vlan_offload": "off [fixed]", 
                "udp_fragmentation_offload": "on", 
                "vlan_challenged": "on [fixed]"
            }, 
            "hw_timestamp_filters": [], 
            "ipv4": {
                "address": "127.0.0.1", 
                "broadcast": "host", 
                "netmask": "255.0.0.0", 
                "network": "127.0.0.0"
            }, 
            "mtu": 65536, 
            "promisc": false, 
            "timestamping": [
                "rx_software", 
                "software"
            ], 
            "type": "loopback"
        }, 
        "ansible_local": {}, 
        "ansible_lsb": {
            "codename": "Santiago", 
            "description": "Red Hat Enterprise Linux Server release 6.9 (Santiago)", 
            "id": "RedHatEnterpriseServer", 
            "major_release": "6", 
            "release": "6.9"
        }, 
        "ansible_machine": "x86_64", 
        "ansible_machine_id": "d2918ee0bf3bbb91b298ca4c00000019", 
        "ansible_memfree_mb": 406, 
        "ansible_memory_mb": {
            "nocache": {
                "free": 63312, 
                "used": 989
            }, 
            "real": {
                "free": 406, 
                "total": 64301, 
                "used": 63895
            }, 
            "swap": {
                "cached": 0, 
                "free": 16383, 
                "total": 16383, 
                "used": 0
            }
        }, 
        "ansible_memtotal_mb": 64301, 
        "ansible_mounts": [
            {
                "block_available": 334632, 
                "block_size": 4096, 
                "block_total": 499668, 
                "block_used": 165036, 
                "device": "/dev/mapper/vg0101-lv_root", 
                "fstype": "ext4", 
                "inode_available": 118354, 
                "inode_total": 131072, 
                "inode_used": 12718, 
                "mount": "/", 
                "options": "rw", 
                "size_available": 1370652672, 
                "size_total": 2046640128, 
                "uuid": "N/A"
            }, 
            {
                "block_available": 89211, 
                "block_size": 4096, 
                "block_total": 124914, 
                "block_used": 35703, 
                "device": "/dev/sda1", 
                "fstype": "ext4", 
                "inode_available": 32712, 
                "inode_total": 32768, 
                "inode_used": 56, 
                "mount": "/boot", 
                "options": "rw,noexec,nosuid,nodev", 
                "size_available": 365408256, 
                "size_total": 511647744, 
                "uuid": "N/A"
            }, 
            {
                "block_available": 1168465, 
                "block_size": 4096, 
                "block_total": 1257376, 
                "block_used": 88911, 
                "device": "/dev/mapper/vg0101-lv_home", 
                "fstype": "ext4", 
                "inode_available": 326980, 
                "inode_total": 327680, 
                "inode_used": 700, 
                "mount": "/home", 
                "options": "rw,nodev", 
                "size_available": 4786032640, 
                "size_total": 5150212096, 
                "uuid": "N/A"
            }, 
            {
                "block_available": 1913634, 
                "block_size": 4096, 
                "block_total": 2031470, 
                "block_used": 117836, 
                "device": "/dev/mapper/vg0101-lv_opt", 
                "fstype": "ext4", 
                "inode_available": 524194, 
                "inode_total": 524288, 
                "inode_used": 94, 
                "mount": "/opt", 
                "options": "rw,nodev", 
                "size_available": 7838244864, 
                "size_total": 8320901120, 
                "uuid": "N/A"
            }, 
            {
                "block_available": 200263985, 
                "block_size": 4096, 
                "block_total": 220835435, 
                "block_used": 20571450, 
                "device": "/dev/mapper/other_vg-other", 
                "fstype": "ext4", 
                "inode_available": 55779324, 
                "inode_total": 56098816, 
                "inode_used": 319492, 
                "mount": "/opt/sas", 
                "options": "rw,nodev", 
                "size_available": 820281282560, 
                "size_total": 904541941760, 
                "uuid": "N/A"
            }, 
            {
                "block_available": 944668, 
                "block_size": 4096, 
                "block_total": 999344, 
                "block_used": 54676, 
                "device": "/dev/mapper/vg0101-lv_tmp", 
                "fstype": "ext4", 
                "inode_available": 261976, 
                "inode_total": 262144, 
                "inode_used": 168, 
                "mount": "/tmp", 
                "options": "rw,nosuid,nodev", 
                "size_available": 3869360128, 
                "size_total": 4093313024, 
                "uuid": "N/A"
            }, 
            {
                "block_available": 598150, 
                "block_size": 4096, 
                "block_total": 2031470, 
                "block_used": 1433320, 
                "device": "/dev/mapper/vg0101-lv_usr", 
                "fstype": "ext4", 
                "inode_available": 435343, 
                "inode_total": 524288, 
                "inode_used": 88945, 
                "mount": "/usr", 
                "options": "rw", 
                "size_available": 2450022400, 
                "size_total": 8320901120, 
                "uuid": "N/A"
            }, 
            {
                "block_available": 777511, 
                "block_size": 4096, 
                "block_total": 999344, 
                "block_used": 221833, 
                "device": "/dev/mapper/vg0101-lv_var", 
                "fstype": "ext4", 
                "inode_available": 258493, 
                "inode_total": 262144, 
                "inode_used": 3651, 
                "mount": "/var", 
                "options": "rw,nodev", 
                "size_available": 3184685056, 
                "size_total": 4093313024, 
                "uuid": "N/A"
            }, 
            {
                "block_available": 1156055, 
                "block_size": 4096, 
                "block_total": 1257376, 
                "block_used": 101321, 
                "device": "/dev/mapper/vg0101-lv_vlog", 
                "fstype": "ext4", 
                "inode_available": 325673, 
                "inode_total": 327680, 
                "inode_used": 2007, 
                "mount": "/var/log", 
                "options": "rw,noexec,nosuid,nodev", 
                "size_available": 4735201280, 
                "size_total": 5150212096, 
                "uuid": "N/A"
            }, 
            {
                "block_available": 1181667, 
                "block_size": 4096, 
                "block_total": 1257376, 
                "block_used": 75709, 
                "device": "/dev/mapper/vg0101-lv_vla", 
                "fstype": "ext4", 
                "inode_available": 327664, 
                "inode_total": 327680, 
                "inode_used": 16, 
                "mount": "/var/log/audit", 
                "options": "rw,noexec,nosuid,nodev", 
                "size_available": 4840108032, 
                "size_total": 5150212096, 
                "uuid": "N/A"
            }
        ], 
        "ansible_nodename": "phlprlxcmp001.kmhp.com", 
        "ansible_os_family": "RedHat", 
        "ansible_pkg_mgr": "yum", 
        "ansible_processor": [
            "0", 
            "GenuineIntel", 
            "Intel(R) Xeon(R) CPU E5-2620 v3 @ 2.40GHz", 
            "1", 
            "GenuineIntel", 
            "Intel(R) Xeon(R) CPU E5-2620 v3 @ 2.40GHz", 
            "2", 
            "GenuineIntel", 
            "Intel(R) Xeon(R) CPU E5-2620 v3 @ 2.40GHz", 
            "3", 
            "GenuineIntel", 
            "Intel(R) Xeon(R) CPU E5-2620 v3 @ 2.40GHz", 
            "4", 
            "GenuineIntel", 
            "Intel(R) Xeon(R) CPU E5-2620 v3 @ 2.40GHz", 
            "5", 
            "GenuineIntel", 
            "Intel(R) Xeon(R) CPU E5-2620 v3 @ 2.40GHz", 
            "6", 
            "GenuineIntel", 
            "Intel(R) Xeon(R) CPU E5-2620 v3 @ 2.40GHz", 
            "7", 
            "GenuineIntel", 
            "Intel(R) Xeon(R) CPU E5-2620 v3 @ 2.40GHz", 
            "8", 
            "GenuineIntel", 
            "Intel(R) Xeon(R) CPU E5-2620 v3 @ 2.40GHz", 
            "9", 
            "GenuineIntel", 
            "Intel(R) Xeon(R) CPU E5-2620 v3 @ 2.40GHz", 
            "10", 
            "GenuineIntel", 
            "Intel(R) Xeon(R) CPU E5-2620 v3 @ 2.40GHz", 
            "11", 
            "GenuineIntel", 
            "Intel(R) Xeon(R) CPU E5-2620 v3 @ 2.40GHz", 
            "12", 
            "GenuineIntel", 
            "Intel(R) Xeon(R) CPU E5-2620 v3 @ 2.40GHz", 
            "13", 
            "GenuineIntel", 
            "Intel(R) Xeon(R) CPU E5-2620 v3 @ 2.40GHz", 
            "14", 
            "GenuineIntel", 
            "Intel(R) Xeon(R) CPU E5-2620 v3 @ 2.40GHz", 
            "15", 
            "GenuineIntel", 
            "Intel(R) Xeon(R) CPU E5-2620 v3 @ 2.40GHz", 
            "16", 
            "GenuineIntel", 
            "Intel(R) Xeon(R) CPU E5-2620 v3 @ 2.40GHz", 
            "17", 
            "GenuineIntel", 
            "Intel(R) Xeon(R) CPU E5-2620 v3 @ 2.40GHz", 
            "18", 
            "GenuineIntel", 
            "Intel(R) Xeon(R) CPU E5-2620 v3 @ 2.40GHz", 
            "19", 
            "GenuineIntel", 
            "Intel(R) Xeon(R) CPU E5-2620 v3 @ 2.40GHz", 
            "20", 
            "GenuineIntel", 
            "Intel(R) Xeon(R) CPU E5-2620 v3 @ 2.40GHz", 
            "21", 
            "GenuineIntel", 
            "Intel(R) Xeon(R) CPU E5-2620 v3 @ 2.40GHz", 
            "22", 
            "GenuineIntel", 
            "Intel(R) Xeon(R) CPU E5-2620 v3 @ 2.40GHz", 
            "23", 
            "GenuineIntel", 
            "Intel(R) Xeon(R) CPU E5-2620 v3 @ 2.40GHz"
        ], 
        "ansible_processor_cores": 6, 
        "ansible_processor_count": 2, 
        "ansible_processor_threads_per_core": 2, 
        "ansible_processor_vcpus": 24, 
        "ansible_product_name": "ProLiant BL460c Gen9", 
        "ansible_product_serial": "NA", 
        "ansible_product_uuid": "NA", 
        "ansible_product_version": "NA", 
        "ansible_python": {
            "executable": "/usr/bin/python", 
            "has_sslcontext": false, 
            "type": "CPython", 
            "version": {
                "major": 2, 
                "micro": 6, 
                "minor": 6, 
                "releaselevel": "final", 
                "serial": 0
            }, 
            "version_info": [
                2, 
                6, 
                6, 
                "final", 
                0
            ]
        }, 
        "ansible_python_version": "2.6.6", 
        "ansible_real_group_id": 500, 
        "ansible_real_user_id": 1001, 
        "ansible_selinux": {
            "config_mode": "permissive", 
            "mode": "permissive", 
            "policyvers": 24, 
            "status": "enabled", 
            "type": "targeted"
        }, 
        "ansible_selinux_python_present": true, 
        "ansible_service_mgr": "upstart", 
        "ansible_ssh_host_key_dsa_public": "AAAAB3NzaC1kc3MAAACBANO6uO3Jw9JsGXm9epq+7BNsn/o7Ayp7+VxmNs+Z7dqcrnaPWu4smUCCqlJWL/TTtYVaWBTCS7kkPXg4b7eYRLTaLHZdWe0dNZRjftqc0d0vQ7Hs8b83+xl03fD9Ae4sdnKsGEXDu65oFWgSgK6r3o1gOYgoimn38H+DzRyjtfKtAAAAFQCTch7NaGYf2FXZSrb3cPyLusiTxwAAAIBvobrIC8HMLFtboDMLa8V1z3bOQkUy7OcKKEK7sK4iW99KNlw9W4/1GmhgCK3keCn4CQt2CoTUUUe4OWftQLLsM0jBvbFyduupsaN1SwFJc0+rIVjQ7YquiJ2ptstxk7dPalguNtCDp6RMO9Q9xr56HgjVVTyX4MW8OLCWNJUD7gAAAIAKGHE7j2wRFpheVxwVexOpBxawxekOYxLAYvx3UYT+rsscWVKIJXhgpzZlOEjtB1GyZu0Clp7uKxNlftijJuf+Dzm6HPvR+cABu3c55fXeWqVLAr7ntmTEbxuTiweTxT1xFBfHDBEfqKONj0TjolFDCRuDGsGgYi2EtoNU5MLiDA==", 
        "ansible_ssh_host_key_rsa_public": "AAAAB3NzaC1yc2EAAAABIwAAAQEAziitxAm7VprMGmBVg1WBFytrWTq2Bgz4wLEi9SEWCAJXt+HyjUiC0FeYqWJu0WrSA9Hw2HmfjsS3JQfFIcM22JnWf5Q3q4FGj+RvOpx3/NX9u+MTW2y5qoossSb4CZ65qFWm32Ng/vHDBXQAlAuoMf497umlbntdvTxa/iDRLscqotdzSrIa/aW3ea4UhLhrzUqb0hSXbo32dQWOS1oPtV6OBJe6cpGAe1XMPPAYu+G2VfNt32+3+aXfMk9K7SmTycst/54H0Zrh0CJGQtNVfjVsfjTMrnbPNxfhSy7v90y8/X7+W7/q+Ke0ypDIoNifyQ9L2s7Q0oSAv4vF/Ebkvw==", 
        "ansible_swapfree_mb": 16383, 
        "ansible_swaptotal_mb": 16383, 
        "ansible_system": "Linux", 
        "ansible_system_capabilities": [
            ""
        ], 
        "ansible_system_capabilities_enforced": "True", 
        "ansible_system_vendor": "HP", 
        "ansible_uptime_seconds": 1077876, 
        "ansible_user_dir": "/home/amhseed", 
        "ansible_user_gecos": "Unix Team Seed Account", 
        "ansible_user_gid": 500, 
        "ansible_user_id": "amhseed", 
        "ansible_user_shell": "/bin/cdax/bash", 
        "ansible_user_uid": 1001, 
        "ansible_userspace_architecture": "x86_64", 
        "ansible_userspace_bits": "64", 
        "ansible_virtualization_role": "NA", 
        "ansible_virtualization_type": "NA", 
        "gather_subset": [
            "all"
        ], 
        "module_setup": true
    }, 
    "changed": false
}
